  srs_librtmp.h
  Note: including file: c:\program files (x86)\reference assemblies\microsoft\framework\.netframework\v4.0\mscorlib.dll
  Note: including file: C:\Program Files (x86)\Windows Kits\8.1\Include\um\windows.h
  Note: including file:  C:\Program Files (x86)\Windows Kits\8.1\Include\shared\winapifamily.h
  Note: including file:  C:\Program Files (x86)\Windows Kits\8.1\Include\shared\sdkddkver.h
  Note: including file:  C:\Program Files (x86)\Microsoft Visual Studio 12.0\VC\include\excpt.h
  Note: including file:   C:\Program Files (x86)\Microsoft Visual Studio 12.0\VC\include\crtdefs.h
  Note: including file:    C:\Program Files (x86)\Microsoft Visual Studio 12.0\VC\include\sal.h
  Note: including file:     C:\Program Files (x86)\Microsoft Visual Studio 12.0\VC\include\ConcurrencySal.h
  Note: including file:    C:\Program Files (x86)\Microsoft Visual Studio 12.0\VC\include\vadefs.h
  Note: including file:  C:\Program Files (x86)\Microsoft Visual Studio 12.0\VC\include\stdarg.h
  Note: including file:   C:\Program Files (x86)\Microsoft Visual Studio 12.0\VC\include\crtdefs.h
  Note: including file:  C:\Program Files (x86)\Windows Kits\8.1\Include\shared\windef.h
  Note: including file:   C:\Program Files (x86)\Windows Kits\8.1\Include\shared\minwindef.h
  Note: including file:    C:\Program Files (x86)\Windows Kits\8.1\Include\shared\specstrings.h
  Note: including file:     C:\Program Files (x86)\Windows Kits\8.1\Include\shared\specstrings_strict.h
  Note: including file:      C:\Program Files (x86)\Windows Kits\8.1\Include\shared\specstrings_undef.h
  Note: including file:     C:\Program Files (x86)\Windows Kits\8.1\Include\shared\driverspecs.h
  Note: including file:      c:\program files (x86)\windows kits\8.1\include\shared\sdv_driverspecs.h
  Note: including file:    C:\Program Files (x86)\Windows Kits\8.1\Include\um\winnt.h
  Note: including file:     C:\Program Files (x86)\Microsoft Visual Studio 12.0\VC\include\ctype.h
  Note: including file:      C:\Program Files (x86)\Microsoft Visual Studio 12.0\VC\include\crtdefs.h
  Note: including file:     C:\Program Files (x86)\Windows Kits\8.1\Include\shared\kernelspecs.h
  Note: including file:     C:\Program Files (x86)\Windows Kits\8.1\Include\shared\basetsd.h
  Note: including file:     C:\Program Files (x86)\Windows Kits\8.1\Include\shared\guiddef.h
  Note: including file:      C:\Program Files (x86)\Microsoft Visual Studio 12.0\VC\include\string.h
  Note: including file:       C:\Program Files (x86)\Microsoft Visual Studio 12.0\VC\include\crtdefs.h
  Note: including file:     c:\program files (x86)\windows kits\8.1\include\shared\pshpack4.h
  Note: including file:     c:\program files (x86)\windows kits\8.1\include\shared\poppack.h
  Note: including file:     c:\program files (x86)\windows kits\8.1\include\shared\pshpack4.h
  Note: including file:     c:\program files (x86)\windows kits\8.1\include\shared\poppack.h
  Note: including file:     C:\Program Files (x86)\Windows Kits\8.1\Include\shared\pshpack4.h
  Note: including file:     C:\Program Files (x86)\Windows Kits\8.1\Include\shared\poppack.h
  Note: including file:     c:\program files (x86)\windows kits\8.1\include\shared\pshpack4.h
  Note: including file:     c:\program files (x86)\windows kits\8.1\include\shared\pshpack2.h
  Note: including file:     c:\program files (x86)\windows kits\8.1\include\shared\poppack.h
  Note: including file:     c:\program files (x86)\windows kits\8.1\include\shared\pshpack2.h
  Note: including file:     C:\Program Files (x86)\Windows Kits\8.1\Include\shared\pshpack2.h
  Note: including file:     C:\Program Files (x86)\Windows Kits\8.1\Include\shared\poppack.h
  Note: including file:     c:\program files (x86)\windows kits\8.1\include\shared\poppack.h
  Note: including file:     c:\program files (x86)\windows kits\8.1\include\shared\pshpack8.h
  Note: including file:     c:\program files (x86)\windows kits\8.1\include\shared\poppack.h
  Note: including file:     c:\program files (x86)\windows kits\8.1\include\shared\poppack.h
  Note: including file:     C:\Program Files (x86)\Windows Kits\8.1\Include\shared\apiset.h
  Note: including file:     C:\Program Files (x86)\Windows Kits\8.1\Include\shared\ktmtypes.h
  Note: including file:  C:\Program Files (x86)\Windows Kits\8.1\Include\um\winbase.h
  Note: including file:   C:\Program Files (x86)\Windows Kits\8.1\Include\shared\apisetcconv.h
  Note: including file:   C:\Program Files (x86)\Windows Kits\8.1\Include\um\minwinbase.h
  Note: including file:   C:\Program Files (x86)\Windows Kits\8.1\Include\um\processenv.h
  Note: including file:   C:\Program Files (x86)\Windows Kits\8.1\Include\um\fileapi.h
  Note: including file:   C:\Program Files (x86)\Windows Kits\8.1\Include\um\debugapi.h
  Note: including file:   C:\Program Files (x86)\Windows Kits\8.1\Include\um\utilapiset.h
  Note: including file:   C:\Program Files (x86)\Windows Kits\8.1\Include\um\handleapi.h
  Note: including file:   C:\Program Files (x86)\Windows Kits\8.1\Include\um\errhandlingapi.h
  Note: including file:   C:\Program Files (x86)\Windows Kits\8.1\Include\um\fibersapi.h
  Note: including file:   C:\Program Files (x86)\Windows Kits\8.1\Include\um\namedpipeapi.h
  Note: including file:   C:\Program Files (x86)\Windows Kits\8.1\Include\um\profileapi.h
  Note: including file:   C:\Program Files (x86)\Windows Kits\8.1\Include\um\heapapi.h
  Note: including file:   C:\Program Files (x86)\Windows Kits\8.1\Include\um\ioapiset.h
  Note: including file:   C:\Program Files (x86)\Windows Kits\8.1\Include\um\synchapi.h
  Note: including file:   C:\Program Files (x86)\Windows Kits\8.1\Include\um\interlockedapi.h
  Note: including file:   C:\Program Files (x86)\Windows Kits\8.1\Include\um\processthreadsapi.h
  Note: including file:   C:\Program Files (x86)\Windows Kits\8.1\Include\um\sysinfoapi.h
  Note: including file:   C:\Program Files (x86)\Windows Kits\8.1\Include\um\memoryapi.h
  Note: including file:   C:\Program Files (x86)\Windows Kits\8.1\Include\um\threadpoollegacyapiset.h
  Note: including file:   C:\Program Files (x86)\Windows Kits\8.1\Include\um\threadpoolapiset.h
  Note: including file:   C:\Program Files (x86)\Windows Kits\8.1\Include\um\bemapiset.h
  Note: including file:   C:\Program Files (x86)\Windows Kits\8.1\Include\um\jobapi.h
  Note: including file:   C:\Program Files (x86)\Windows Kits\8.1\Include\um\wow64apiset.h
  Note: including file:   C:\Program Files (x86)\Windows Kits\8.1\Include\um\libloaderapi.h
  Note: including file:   C:\Program Files (x86)\Windows Kits\8.1\Include\um\securitybaseapi.h
  Note: including file:   C:\Program Files (x86)\Windows Kits\8.1\Include\um\namespaceapi.h
  Note: including file:   C:\Program Files (x86)\Windows Kits\8.1\Include\um\systemtopologyapi.h
  Note: including file:   C:\Program Files (x86)\Windows Kits\8.1\Include\um\processtopologyapi.h
  Note: including file:   C:\Program Files (x86)\Windows Kits\8.1\Include\um\securityappcontainer.h
  Note: including file:   C:\Program Files (x86)\Windows Kits\8.1\Include\um\realtimeapiset.h
  Note: including file:   C:\Program Files (x86)\Windows Kits\8.1\Include\shared\winerror.h
  Note: including file:   C:\Program Files (x86)\Windows Kits\8.1\Include\um\timezoneapi.h
  Note: including file:  C:\Program Files (x86)\Windows Kits\8.1\Include\um\wingdi.h
  Note: including file:   C:\Program Files (x86)\Windows Kits\8.1\Include\shared\pshpack1.h
  Note: including file:   C:\Program Files (x86)\Windows Kits\8.1\Include\shared\poppack.h
  Note: including file:   C:\Program Files (x86)\Windows Kits\8.1\Include\shared\pshpack2.h
  Note: including file:   C:\Program Files (x86)\Windows Kits\8.1\Include\shared\poppack.h
  Note: including file:   C:\Program Files (x86)\Windows Kits\8.1\Include\shared\pshpack2.h
  Note: including file:   C:\Program Files (x86)\Windows Kits\8.1\Include\shared\poppack.h
  Note: including file:   C:\Program Files (x86)\Windows Kits\8.1\Include\shared\pshpack4.h
  Note: including file:   C:\Program Files (x86)\Windows Kits\8.1\Include\shared\poppack.h
  Note: including file:   C:\Program Files (x86)\Windows Kits\8.1\Include\shared\pshpack4.h
  Note: including file:   C:\Program Files (x86)\Windows Kits\8.1\Include\shared\poppack.h
  Note: including file:  C:\Program Files (x86)\Windows Kits\8.1\Include\um\winuser.h
  Note: including file:   C:\Program Files (x86)\Windows Kits\8.1\Include\shared\pshpack2.h
  Note: including file:   C:\Program Files (x86)\Windows Kits\8.1\Include\shared\poppack.h
  Note: including file:   C:\Program Files (x86)\Windows Kits\8.1\Include\shared\tvout.h
  Note: including file:  C:\Program Files (x86)\Windows Kits\8.1\Include\um\winnls.h
  Note: including file:   C:\Program Files (x86)\Windows Kits\8.1\Include\um\datetimeapi.h
  Note: including file:   C:\Program Files (x86)\Windows Kits\8.1\Include\um\stringapiset.h
  Note: including file:    C:\Program Files (x86)\Windows Kits\8.1\Include\um\winnls.h
  Note: including file:  C:\Program Files (x86)\Windows Kits\8.1\Include\um\wincon.h
  Note: including file:   C:\Program Files (x86)\Windows Kits\8.1\Include\um\consoleapi.h
  Note: including file:  C:\Program Files (x86)\Windows Kits\8.1\Include\um\winver.h
  Note: including file:   C:\Program Files (x86)\Windows Kits\8.1\Include\um\verrsrc.h
  Note: including file:  C:\Program Files (x86)\Windows Kits\8.1\Include\um\winreg.h
  Note: including file:   C:\Program Files (x86)\Windows Kits\8.1\Include\um\reason.h
  Note: including file:  C:\Program Files (x86)\Windows Kits\8.1\Include\um\winnetwk.h
  Note: including file:   C:\Program Files (x86)\Windows Kits\8.1\Include\shared\wnnc.h
  Note: including file:  C:\Program Files (x86)\Windows Kits\8.1\Include\shared\cderr.h
  Note: including file:  C:\Program Files (x86)\Windows Kits\8.1\Include\um\dde.h
  Note: including file:  C:\Program Files (x86)\Windows Kits\8.1\Include\um\ddeml.h
  Note: including file:  C:\Program Files (x86)\Windows Kits\8.1\Include\um\dlgs.h
  Note: including file:  C:\Program Files (x86)\Windows Kits\8.1\Include\um\lzexpand.h
  Note: including file:  C:\Program Files (x86)\Windows Kits\8.1\Include\um\mmsystem.h
  Note: including file:   C:\Program Files (x86)\Windows Kits\8.1\Include\um\mmsyscom.h
  Note: including file:    C:\Program Files (x86)\Windows Kits\8.1\Include\shared\pshpack1.h
  Note: including file:    C:\Program Files (x86)\Windows Kits\8.1\Include\shared\poppack.h
  Note: including file:   C:\Program Files (x86)\Windows Kits\8.1\Include\shared\pshpack1.h
  Note: including file:   C:\Program Files (x86)\Windows Kits\8.1\Include\um\mciapi.h
  Note: including file:    C:\Program Files (x86)\Windows Kits\8.1\Include\um\mmsyscom.h
  Note: including file:   C:\Program Files (x86)\Windows Kits\8.1\Include\um\mmiscapi.h
  Note: including file:    C:\Program Files (x86)\Windows Kits\8.1\Include\um\mmsyscom.h
  Note: including file:   C:\Program Files (x86)\Windows Kits\8.1\Include\um\mmiscapi2.h
  Note: including file:    C:\Program Files (x86)\Windows Kits\8.1\Include\um\mmsyscom.h
  Note: including file:   C:\Program Files (x86)\Windows Kits\8.1\Include\um\playsoundapi.h
  Note: including file:    C:\Program Files (x86)\Windows Kits\8.1\Include\um\mmsyscom.h
  Note: including file:   C:\Program Files (x86)\Windows Kits\8.1\Include\um\mmeapi.h
  Note: including file:    C:\Program Files (x86)\Windows Kits\8.1\Include\um\mmsyscom.h
  Note: including file:   C:\Program Files (x86)\Windows Kits\8.1\Include\um\timeapi.h
  Note: including file:    C:\Program Files (x86)\Windows Kits\8.1\Include\um\mmsyscom.h
  Note: including file:   C:\Program Files (x86)\Windows Kits\8.1\Include\um\joystickapi.h
  Note: including file:    C:\Program Files (x86)\Windows Kits\8.1\Include\um\mmsyscom.h
  Note: including file:   C:\Program Files (x86)\Windows Kits\8.1\Include\shared\poppack.h
  Note: including file:  C:\Program Files (x86)\Windows Kits\8.1\Include\um\nb30.h
  Note: including file:  C:\Program Files (x86)\Windows Kits\8.1\Include\shared\rpc.h
  Note: including file:   C:\Program Files (x86)\Windows Kits\8.1\Include\shared\rpcdce.h
  Note: including file:    C:\Program Files (x86)\Windows Kits\8.1\Include\shared\rpcdcep.h
  Note: including file:   C:\Program Files (x86)\Windows Kits\8.1\Include\um\rpcnsi.h
  Note: including file:   C:\Program Files (x86)\Windows Kits\8.1\Include\shared\rpcnterr.h
  Note: including file:   C:\Program Files (x86)\Windows Kits\8.1\Include\shared\rpcasync.h
  Note: including file:  C:\Program Files (x86)\Windows Kits\8.1\Include\um\shellapi.h
  Note: including file:   C:\Program Files (x86)\Windows Kits\8.1\Include\shared\pshpack1.h
  Note: including file:   C:\Program Files (x86)\Windows Kits\8.1\Include\shared\poppack.h
  Note: including file:  C:\Program Files (x86)\Windows Kits\8.1\Include\um\winperf.h
  Note: including file:   C:\Program Files (x86)\Windows Kits\8.1\Include\shared\pshpack8.h
  Note: including file:   C:\Program Files (x86)\Windows Kits\8.1\Include\shared\poppack.h
  Note: including file:  C:\Program Files (x86)\Windows Kits\8.1\Include\um\winsock.h
  Note: including file:   C:\Program Files (x86)\Windows Kits\8.1\Include\shared\inaddr.h
  Note: including file:  C:\Program Files (x86)\Windows Kits\8.1\Include\um\wincrypt.h
  Note: including file:   C:\Program Files (x86)\Windows Kits\8.1\Include\shared\bcrypt.h
  Note: including file:   C:\Program Files (x86)\Windows Kits\8.1\Include\um\ncrypt.h
  Note: including file:   C:\Program Files (x86)\Windows Kits\8.1\Include\um\dpapi.h
  Note: including file:  C:\Program Files (x86)\Windows Kits\8.1\Include\um\winefs.h
  Note: including file:  C:\Program Files (x86)\Windows Kits\8.1\Include\um\winscard.h
  Note: including file:   C:\Program Files (x86)\Windows Kits\8.1\Include\shared\wtypes.h
  Note: including file:    c:\program files (x86)\windows kits\8.1\include\shared\rpcndr.h
  Note: including file:     C:\Program Files (x86)\Windows Kits\8.1\Include\shared\pshpack8.h
  Note: including file:     C:\Program Files (x86)\Windows Kits\8.1\Include\um\rpcnsip.h
  Note: including file:     C:\Program Files (x86)\Windows Kits\8.1\Include\shared\rpcsal.h
  Note: including file:     C:\Program Files (x86)\Windows Kits\8.1\Include\shared\poppack.h
  Note: including file:    c:\program files (x86)\windows kits\8.1\include\shared\wtypesbase.h
  Note: including file:     c:\program files (x86)\windows kits\8.1\include\shared\guiddef.h
  Note: including file:   C:\Program Files (x86)\Windows Kits\8.1\Include\um\winioctl.h
  Note: including file:    C:\Program Files (x86)\Windows Kits\8.1\Include\shared\pshpack1.h
  Note: including file:    C:\Program Files (x86)\Windows Kits\8.1\Include\shared\poppack.h
  Note: including file:    C:\Program Files (x86)\Windows Kits\8.1\Include\shared\pshpack1.h
  Note: including file:    C:\Program Files (x86)\Windows Kits\8.1\Include\shared\poppack.h
  Note: including file:    C:\Program Files (x86)\Windows Kits\8.1\Include\shared\pshpack1.h
  Note: including file:    C:\Program Files (x86)\Windows Kits\8.1\Include\shared\poppack.h
  Note: including file:    C:\Program Files (x86)\Windows Kits\8.1\Include\shared\pshpack1.h
  Note: including file:    C:\Program Files (x86)\Windows Kits\8.1\Include\shared\poppack.h
  Note: including file:    C:\Program Files (x86)\Windows Kits\8.1\Include\shared\pshpack1.h
  Note: including file:    C:\Program Files (x86)\Windows Kits\8.1\Include\shared\poppack.h
  Note: including file:    C:\Program Files (x86)\Windows Kits\8.1\Include\shared\pshpack1.h
  Note: including file:    C:\Program Files (x86)\Windows Kits\8.1\Include\shared\poppack.h
  Note: including file:    C:\Program Files (x86)\Windows Kits\8.1\Include\shared\pshpack1.h
  Note: including file:    C:\Program Files (x86)\Windows Kits\8.1\Include\shared\poppack.h
  Note: including file:   C:\Program Files (x86)\Windows Kits\8.1\Include\shared\winsmcrd.h
  Note: including file:  C:\Program Files (x86)\Windows Kits\8.1\Include\um\winspool.h
  Note: including file:   C:\Program Files (x86)\Windows Kits\8.1\Include\um\prsht.h
  Note: including file:    C:\Program Files (x86)\Windows Kits\8.1\Include\shared\pshpack4.h
  Note: including file:    C:\Program Files (x86)\Windows Kits\8.1\Include\shared\poppack.h
  Note: including file:  C:\Program Files (x86)\Windows Kits\8.1\Include\um\ole2.h
  Note: including file:   C:\Program Files (x86)\Windows Kits\8.1\Include\shared\pshpack8.h
  Note: including file:   C:\Program Files (x86)\Windows Kits\8.1\Include\um\objbase.h
  Note: including file:    C:\Program Files (x86)\Windows Kits\8.1\Include\shared\pshpack8.h
  Note: including file:    C:\Program Files (x86)\Windows Kits\8.1\Include\um\combaseapi.h
  Note: including file:     C:\Program Files (x86)\Windows Kits\8.1\Include\shared\pshpack8.h
  Note: including file:     C:\Program Files (x86)\Microsoft Visual Studio 12.0\VC\include\stdlib.h
  Note: including file:      C:\Program Files (x86)\Microsoft Visual Studio 12.0\VC\include\crtdefs.h
  Note: including file:      C:\Program Files (x86)\Microsoft Visual Studio 12.0\VC\include\limits.h
  Note: including file:       C:\Program Files (x86)\Microsoft Visual Studio 12.0\VC\include\crtdefs.h
  Note: including file:     C:\Program Files (x86)\Windows Kits\8.1\Include\um\unknwnbase.h
  Note: including file:     C:\Program Files (x86)\Windows Kits\8.1\Include\um\objidlbase.h
  Note: including file:     C:\Program Files (x86)\Windows Kits\8.1\Include\shared\guiddef.h
  Note: including file:     C:\Program Files (x86)\Windows Kits\8.1\Include\um\cguid.h
  Note: including file:     C:\Program Files (x86)\Windows Kits\8.1\Include\shared\poppack.h
  Note: including file:    C:\Program Files (x86)\Windows Kits\8.1\Include\um\objidl.h
  Note: including file:     c:\program files (x86)\windows kits\8.1\include\um\unknwn.h
  Note: including file:    C:\Program Files (x86)\Windows Kits\8.1\Include\um\urlmon.h
  Note: including file:     c:\program files (x86)\windows kits\8.1\include\um\oleidl.h
  Note: including file:     c:\program files (x86)\windows kits\8.1\include\um\servprov.h
  Note: including file:     c:\program files (x86)\windows kits\8.1\include\um\msxml.h
  Note: including file:      c:\program files (x86)\windows kits\8.1\include\um\oaidl.h
  Note: including file:    C:\Program Files (x86)\Windows Kits\8.1\Include\um\propidl.h
  Note: including file:    C:\Program Files (x86)\Windows Kits\8.1\Include\shared\poppack.h
  Note: including file:   C:\Program Files (x86)\Windows Kits\8.1\Include\um\oleauto.h
  Note: including file:    C:\Program Files (x86)\Windows Kits\8.1\Include\shared\pshpack8.h
  Note: including file:    C:\Program Files (x86)\Windows Kits\8.1\Include\shared\poppack.h
  Note: including file:   C:\Program Files (x86)\Windows Kits\8.1\Include\shared\poppack.h
  Note: including file:  C:\Program Files (x86)\Windows Kits\8.1\Include\um\commdlg.h
  Note: including file:   C:\Program Files (x86)\Windows Kits\8.1\Include\um\prsht.h
  Note: including file:   C:\Program Files (x86)\Windows Kits\8.1\Include\shared\pshpack1.h
  Note: including file:   C:\Program Files (x86)\Windows Kits\8.1\Include\shared\poppack.h
  Note: including file:  C:\Program Files (x86)\Windows Kits\8.1\Include\shared\stralign.h
  Note: including file:  C:\Program Files (x86)\Windows Kits\8.1\Include\um\winsvc.h
  Note: including file:  C:\Program Files (x86)\Windows Kits\8.1\Include\um\mcx.h
  Note: including file:  C:\Program Files (x86)\Windows Kits\8.1\Include\um\imm.h
  Note: including file:   C:\Program Files (x86)\Windows Kits\8.1\Include\um\ime_cmodes.h
  Note: including file: C:\Program Files (x86)\Microsoft Visual Studio 12.0\VC\include\stdint.h
  Note: including file:  C:\Program Files (x86)\Microsoft Visual Studio 12.0\VC\include\crtdefs.h
  Note: including file: C:\Program Files (x86)\Microsoft Visual Studio 12.0\VC\include\sys/types.h
  Note: including file: C:\Program Files (x86)\Microsoft Visual Studio 12.0\VC\include\errno.h
  Note: including file:  C:\Program Files (x86)\Microsoft Visual Studio 12.0\VC\include\crtdefs.h
  Note: including file: C:\Program Files (x86)\Microsoft Visual Studio 12.0\VC\include\time.h
  Note: including file:  C:\Program Files (x86)\Microsoft Visual Studio 12.0\VC\include\crtdefs.h
  Note: including file:  C:\Program Files (x86)\Microsoft Visual Studio 12.0\VC\include\wtime.inl
  Note: including file:  C:\Program Files (x86)\Microsoft Visual Studio 12.0\VC\include\time.inl
  Note: including file: C:\Program Files (x86)\Microsoft Visual Studio 12.0\VC\include\direct.h
  Note: including file:  C:\Program Files (x86)\Microsoft Visual Studio 12.0\VC\include\crtdefs.h
  Note: including file: C:\Program Files (x86)\Microsoft Visual Studio 12.0\VC\include\io.h
  Note: including file:  C:\Program Files (x86)\Microsoft Visual Studio 12.0\VC\include\crtdefs.h
  Note: including file: C:\Program Files (x86)\Microsoft Visual Studio 12.0\VC\include\fcntl.h
  Note: including file:  C:\Program Files (x86)\Microsoft Visual Studio 12.0\VC\include\crtdefs.h
  srs_librtmp.cpp
  Note: including file: c:\program files (x86)\reference assemblies\microsoft\framework\.netframework\v4.0\mscorlib.dll
  Note: including file: c:\work\srs-librtmp\src\srs\srs_librtmp.h
  Note: including file:  C:\Program Files (x86)\Windows Kits\8.1\Include\um\windows.h
  Note: including file:   C:\Program Files (x86)\Windows Kits\8.1\Include\shared\winapifamily.h
  Note: including file:   C:\Program Files (x86)\Windows Kits\8.1\Include\shared\sdkddkver.h
  Note: including file:   C:\Program Files (x86)\Microsoft Visual Studio 12.0\VC\include\excpt.h
  Note: including file:    C:\Program Files (x86)\Microsoft Visual Studio 12.0\VC\include\crtdefs.h
  Note: including file:     C:\Program Files (x86)\Microsoft Visual Studio 12.0\VC\include\sal.h
  Note: including file:      C:\Program Files (x86)\Microsoft Visual Studio 12.0\VC\include\ConcurrencySal.h
  Note: including file:     C:\Program Files (x86)\Microsoft Visual Studio 12.0\VC\include\vadefs.h
  Note: including file:   C:\Program Files (x86)\Microsoft Visual Studio 12.0\VC\include\stdarg.h
  Note: including file:    C:\Program Files (x86)\Microsoft Visual Studio 12.0\VC\include\crtdefs.h
  Note: including file:   C:\Program Files (x86)\Windows Kits\8.1\Include\shared\windef.h
  Note: including file:    C:\Program Files (x86)\Windows Kits\8.1\Include\shared\minwindef.h
  Note: including file:     C:\Program Files (x86)\Windows Kits\8.1\Include\shared\specstrings.h
  Note: including file:      C:\Program Files (x86)\Windows Kits\8.1\Include\shared\specstrings_strict.h
  Note: including file:       C:\Program Files (x86)\Windows Kits\8.1\Include\shared\specstrings_undef.h
  Note: including file:      C:\Program Files (x86)\Windows Kits\8.1\Include\shared\driverspecs.h
  Note: including file:       c:\program files (x86)\windows kits\8.1\include\shared\sdv_driverspecs.h
  Note: including file:     C:\Program Files (x86)\Windows Kits\8.1\Include\um\winnt.h
  Note: including file:      C:\Program Files (x86)\Microsoft Visual Studio 12.0\VC\include\ctype.h
  Note: including file:       C:\Program Files (x86)\Microsoft Visual Studio 12.0\VC\include\crtdefs.h
  Note: including file:      C:\Program Files (x86)\Windows Kits\8.1\Include\shared\kernelspecs.h
  Note: including file:      C:\Program Files (x86)\Windows Kits\8.1\Include\shared\basetsd.h
  Note: including file:      C:\Program Files (x86)\Windows Kits\8.1\Include\shared\guiddef.h
  Note: including file:       C:\Program Files (x86)\Microsoft Visual Studio 12.0\VC\include\string.h
  Note: including file:        C:\Program Files (x86)\Microsoft Visual Studio 12.0\VC\include\crtdefs.h
  Note: including file:      c:\program files (x86)\windows kits\8.1\include\shared\pshpack4.h
  Note: including file:      c:\program files (x86)\windows kits\8.1\include\shared\poppack.h
  Note: including file:      c:\program files (x86)\windows kits\8.1\include\shared\pshpack4.h
  Note: including file:      c:\program files (x86)\windows kits\8.1\include\shared\poppack.h
  Note: including file:      C:\Program Files (x86)\Windows Kits\8.1\Include\shared\pshpack4.h
  Note: including file:      C:\Program Files (x86)\Windows Kits\8.1\Include\shared\poppack.h
  Note: including file:      c:\program files (x86)\windows kits\8.1\include\shared\pshpack4.h
  Note: including file:      c:\program files (x86)\windows kits\8.1\include\shared\pshpack2.h
  Note: including file:      c:\program files (x86)\windows kits\8.1\include\shared\poppack.h
  Note: including file:      c:\program files (x86)\windows kits\8.1\include\shared\pshpack2.h
  Note: including file:      C:\Program Files (x86)\Windows Kits\8.1\Include\shared\pshpack2.h
  Note: including file:      C:\Program Files (x86)\Windows Kits\8.1\Include\shared\poppack.h
  Note: including file:      c:\program files (x86)\windows kits\8.1\include\shared\poppack.h
  Note: including file:      c:\program files (x86)\windows kits\8.1\include\shared\pshpack8.h
  Note: including file:      c:\program files (x86)\windows kits\8.1\include\shared\poppack.h
  Note: including file:      c:\program files (x86)\windows kits\8.1\include\shared\poppack.h
  Note: including file:      C:\Program Files (x86)\Windows Kits\8.1\Include\shared\apiset.h
  Note: including file:      C:\Program Files (x86)\Windows Kits\8.1\Include\shared\ktmtypes.h
  Note: including file:   C:\Program Files (x86)\Windows Kits\8.1\Include\um\winbase.h
  Note: including file:    C:\Program Files (x86)\Windows Kits\8.1\Include\shared\apisetcconv.h
  Note: including file:    C:\Program Files (x86)\Windows Kits\8.1\Include\um\minwinbase.h
  Note: including file:    C:\Program Files (x86)\Windows Kits\8.1\Include\um\processenv.h
  Note: including file:    C:\Program Files (x86)\Windows Kits\8.1\Include\um\fileapi.h
  Note: including file:    C:\Program Files (x86)\Windows Kits\8.1\Include\um\debugapi.h
  Note: including file:    C:\Program Files (x86)\Windows Kits\8.1\Include\um\utilapiset.h
  Note: including file:    C:\Program Files (x86)\Windows Kits\8.1\Include\um\handleapi.h
  Note: including file:    C:\Program Files (x86)\Windows Kits\8.1\Include\um\errhandlingapi.h
  Note: including file:    C:\Program Files (x86)\Windows Kits\8.1\Include\um\fibersapi.h
  Note: including file:    C:\Program Files (x86)\Windows Kits\8.1\Include\um\namedpipeapi.h
  Note: including file:    C:\Program Files (x86)\Windows Kits\8.1\Include\um\profileapi.h
  Note: including file:    C:\Program Files (x86)\Windows Kits\8.1\Include\um\heapapi.h
  Note: including file:    C:\Program Files (x86)\Windows Kits\8.1\Include\um\ioapiset.h
  Note: including file:    C:\Program Files (x86)\Windows Kits\8.1\Include\um\synchapi.h
  Note: including file:    C:\Program Files (x86)\Windows Kits\8.1\Include\um\interlockedapi.h
  Note: including file:    C:\Program Files (x86)\Windows Kits\8.1\Include\um\processthreadsapi.h
  Note: including file:    C:\Program Files (x86)\Windows Kits\8.1\Include\um\sysinfoapi.h
  Note: including file:    C:\Program Files (x86)\Windows Kits\8.1\Include\um\memoryapi.h
  Note: including file:    C:\Program Files (x86)\Windows Kits\8.1\Include\um\threadpoollegacyapiset.h
  Note: including file:    C:\Program Files (x86)\Windows Kits\8.1\Include\um\threadpoolapiset.h
  Note: including file:    C:\Program Files (x86)\Windows Kits\8.1\Include\um\bemapiset.h
  Note: including file:    C:\Program Files (x86)\Windows Kits\8.1\Include\um\jobapi.h
  Note: including file:    C:\Program Files (x86)\Windows Kits\8.1\Include\um\wow64apiset.h
  Note: including file:    C:\Program Files (x86)\Windows Kits\8.1\Include\um\libloaderapi.h
  Note: including file:    C:\Program Files (x86)\Windows Kits\8.1\Include\um\securitybaseapi.h
  Note: including file:    C:\Program Files (x86)\Windows Kits\8.1\Include\um\namespaceapi.h
  Note: including file:    C:\Program Files (x86)\Windows Kits\8.1\Include\um\systemtopologyapi.h
  Note: including file:    C:\Program Files (x86)\Windows Kits\8.1\Include\um\processtopologyapi.h
  Note: including file:    C:\Program Files (x86)\Windows Kits\8.1\Include\um\securityappcontainer.h
  Note: including file:    C:\Program Files (x86)\Windows Kits\8.1\Include\um\realtimeapiset.h
  Note: including file:    C:\Program Files (x86)\Windows Kits\8.1\Include\shared\winerror.h
  Note: including file:    C:\Program Files (x86)\Windows Kits\8.1\Include\um\timezoneapi.h
  Note: including file:   C:\Program Files (x86)\Windows Kits\8.1\Include\um\wingdi.h
  Note: including file:    C:\Program Files (x86)\Windows Kits\8.1\Include\shared\pshpack1.h
  Note: including file:    C:\Program Files (x86)\Windows Kits\8.1\Include\shared\poppack.h
  Note: including file:    C:\Program Files (x86)\Windows Kits\8.1\Include\shared\pshpack2.h
  Note: including file:    C:\Program Files (x86)\Windows Kits\8.1\Include\shared\poppack.h
  Note: including file:    C:\Program Files (x86)\Windows Kits\8.1\Include\shared\pshpack2.h
  Note: including file:    C:\Program Files (x86)\Windows Kits\8.1\Include\shared\poppack.h
  Note: including file:    C:\Program Files (x86)\Windows Kits\8.1\Include\shared\pshpack4.h
  Note: including file:    C:\Program Files (x86)\Windows Kits\8.1\Include\shared\poppack.h
  Note: including file:    C:\Program Files (x86)\Windows Kits\8.1\Include\shared\pshpack4.h
  Note: including file:    C:\Program Files (x86)\Windows Kits\8.1\Include\shared\poppack.h
  Note: including file:   C:\Program Files (x86)\Windows Kits\8.1\Include\um\winuser.h
  Note: including file:    C:\Program Files (x86)\Windows Kits\8.1\Include\shared\pshpack2.h
  Note: including file:    C:\Program Files (x86)\Windows Kits\8.1\Include\shared\poppack.h
  Note: including file:    C:\Program Files (x86)\Windows Kits\8.1\Include\shared\tvout.h
  Note: including file:   C:\Program Files (x86)\Windows Kits\8.1\Include\um\winnls.h
  Note: including file:    C:\Program Files (x86)\Windows Kits\8.1\Include\um\datetimeapi.h
  Note: including file:    C:\Program Files (x86)\Windows Kits\8.1\Include\um\stringapiset.h
  Note: including file:     C:\Program Files (x86)\Windows Kits\8.1\Include\um\winnls.h
  Note: including file:   C:\Program Files (x86)\Windows Kits\8.1\Include\um\wincon.h
  Note: including file:    C:\Program Files (x86)\Windows Kits\8.1\Include\um\consoleapi.h
  Note: including file:   C:\Program Files (x86)\Windows Kits\8.1\Include\um\winver.h
  Note: including file:    C:\Program Files (x86)\Windows Kits\8.1\Include\um\verrsrc.h
  Note: including file:   C:\Program Files (x86)\Windows Kits\8.1\Include\um\winreg.h
  Note: including file:    C:\Program Files (x86)\Windows Kits\8.1\Include\um\reason.h
  Note: including file:   C:\Program Files (x86)\Windows Kits\8.1\Include\um\winnetwk.h
  Note: including file:    C:\Program Files (x86)\Windows Kits\8.1\Include\shared\wnnc.h
  Note: including file:   C:\Program Files (x86)\Windows Kits\8.1\Include\shared\cderr.h
  Note: including file:   C:\Program Files (x86)\Windows Kits\8.1\Include\um\dde.h
  Note: including file:   C:\Program Files (x86)\Windows Kits\8.1\Include\um\ddeml.h
  Note: including file:   C:\Program Files (x86)\Windows Kits\8.1\Include\um\dlgs.h
  Note: including file:   C:\Program Files (x86)\Windows Kits\8.1\Include\um\lzexpand.h
  Note: including file:   C:\Program Files (x86)\Windows Kits\8.1\Include\um\mmsystem.h
  Note: including file:    C:\Program Files (x86)\Windows Kits\8.1\Include\um\mmsyscom.h
  Note: including file:     C:\Program Files (x86)\Windows Kits\8.1\Include\shared\pshpack1.h
  Note: including file:     C:\Program Files (x86)\Windows Kits\8.1\Include\shared\poppack.h
  Note: including file:    C:\Program Files (x86)\Windows Kits\8.1\Include\shared\pshpack1.h
  Note: including file:    C:\Program Files (x86)\Windows Kits\8.1\Include\um\mciapi.h
  Note: including file:     C:\Program Files (x86)\Windows Kits\8.1\Include\um\mmsyscom.h
  Note: including file:    C:\Program Files (x86)\Windows Kits\8.1\Include\um\mmiscapi.h
  Note: including file:     C:\Program Files (x86)\Windows Kits\8.1\Include\um\mmsyscom.h
  Note: including file:    C:\Program Files (x86)\Windows Kits\8.1\Include\um\mmiscapi2.h
  Note: including file:     C:\Program Files (x86)\Windows Kits\8.1\Include\um\mmsyscom.h
  Note: including file:    C:\Program Files (x86)\Windows Kits\8.1\Include\um\playsoundapi.h
  Note: including file:     C:\Program Files (x86)\Windows Kits\8.1\Include\um\mmsyscom.h
  Note: including file:    C:\Program Files (x86)\Windows Kits\8.1\Include\um\mmeapi.h
  Note: including file:     C:\Program Files (x86)\Windows Kits\8.1\Include\um\mmsyscom.h
  Note: including file:    C:\Program Files (x86)\Windows Kits\8.1\Include\um\timeapi.h
  Note: including file:     C:\Program Files (x86)\Windows Kits\8.1\Include\um\mmsyscom.h
  Note: including file:    C:\Program Files (x86)\Windows Kits\8.1\Include\um\joystickapi.h
  Note: including file:     C:\Program Files (x86)\Windows Kits\8.1\Include\um\mmsyscom.h
  Note: including file:    C:\Program Files (x86)\Windows Kits\8.1\Include\shared\poppack.h
  Note: including file:   C:\Program Files (x86)\Windows Kits\8.1\Include\um\nb30.h
  Note: including file:   C:\Program Files (x86)\Windows Kits\8.1\Include\shared\rpc.h
  Note: including file:    C:\Program Files (x86)\Windows Kits\8.1\Include\shared\rpcdce.h
  Note: including file:     C:\Program Files (x86)\Windows Kits\8.1\Include\shared\rpcdcep.h
  Note: including file:    C:\Program Files (x86)\Windows Kits\8.1\Include\um\rpcnsi.h
  Note: including file:    C:\Program Files (x86)\Windows Kits\8.1\Include\shared\rpcnterr.h
  Note: including file:    C:\Program Files (x86)\Windows Kits\8.1\Include\shared\rpcasync.h
  Note: including file:   C:\Program Files (x86)\Windows Kits\8.1\Include\um\shellapi.h
  Note: including file:    C:\Program Files (x86)\Windows Kits\8.1\Include\shared\pshpack1.h
  Note: including file:    C:\Program Files (x86)\Windows Kits\8.1\Include\shared\poppack.h
  Note: including file:   C:\Program Files (x86)\Windows Kits\8.1\Include\um\winperf.h
  Note: including file:    C:\Program Files (x86)\Windows Kits\8.1\Include\shared\pshpack8.h
  Note: including file:    C:\Program Files (x86)\Windows Kits\8.1\Include\shared\poppack.h
  Note: including file:   C:\Program Files (x86)\Windows Kits\8.1\Include\um\winsock.h
  Note: including file:    C:\Program Files (x86)\Windows Kits\8.1\Include\shared\inaddr.h
  Note: including file:   C:\Program Files (x86)\Windows Kits\8.1\Include\um\wincrypt.h
  Note: including file:    C:\Program Files (x86)\Windows Kits\8.1\Include\shared\bcrypt.h
  Note: including file:    C:\Program Files (x86)\Windows Kits\8.1\Include\um\ncrypt.h
  Note: including file:    C:\Program Files (x86)\Windows Kits\8.1\Include\um\dpapi.h
  Note: including file:   C:\Program Files (x86)\Windows Kits\8.1\Include\um\winefs.h
  Note: including file:   C:\Program Files (x86)\Windows Kits\8.1\Include\um\winscard.h
  Note: including file:    C:\Program Files (x86)\Windows Kits\8.1\Include\shared\wtypes.h
  Note: including file:     c:\program files (x86)\windows kits\8.1\include\shared\rpcndr.h
  Note: including file:      C:\Program Files (x86)\Windows Kits\8.1\Include\shared\pshpack8.h
  Note: including file:      C:\Program Files (x86)\Windows Kits\8.1\Include\um\rpcnsip.h
  Note: including file:      C:\Program Files (x86)\Windows Kits\8.1\Include\shared\rpcsal.h
  Note: including file:      C:\Program Files (x86)\Windows Kits\8.1\Include\shared\poppack.h
  Note: including file:     c:\program files (x86)\windows kits\8.1\include\shared\wtypesbase.h
  Note: including file:      c:\program files (x86)\windows kits\8.1\include\shared\guiddef.h
  Note: including file:    C:\Program Files (x86)\Windows Kits\8.1\Include\um\winioctl.h
  Note: including file:     C:\Program Files (x86)\Windows Kits\8.1\Include\shared\pshpack1.h
  Note: including file:     C:\Program Files (x86)\Windows Kits\8.1\Include\shared\poppack.h
  Note: including file:     C:\Program Files (x86)\Windows Kits\8.1\Include\shared\pshpack1.h
  Note: including file:     C:\Program Files (x86)\Windows Kits\8.1\Include\shared\poppack.h
  Note: including file:     C:\Program Files (x86)\Windows Kits\8.1\Include\shared\pshpack1.h
  Note: including file:     C:\Program Files (x86)\Windows Kits\8.1\Include\shared\poppack.h
  Note: including file:     C:\Program Files (x86)\Windows Kits\8.1\Include\shared\pshpack1.h
  Note: including file:     C:\Program Files (x86)\Windows Kits\8.1\Include\shared\poppack.h
  Note: including file:     C:\Program Files (x86)\Windows Kits\8.1\Include\shared\pshpack1.h
  Note: including file:     C:\Program Files (x86)\Windows Kits\8.1\Include\shared\poppack.h
  Note: including file:     C:\Program Files (x86)\Windows Kits\8.1\Include\shared\pshpack1.h
  Note: including file:     C:\Program Files (x86)\Windows Kits\8.1\Include\shared\poppack.h
  Note: including file:     C:\Program Files (x86)\Windows Kits\8.1\Include\shared\pshpack1.h
  Note: including file:     C:\Program Files (x86)\Windows Kits\8.1\Include\shared\poppack.h
  Note: including file:    C:\Program Files (x86)\Windows Kits\8.1\Include\shared\winsmcrd.h
  Note: including file:   C:\Program Files (x86)\Windows Kits\8.1\Include\um\winspool.h
  Note: including file:    C:\Program Files (x86)\Windows Kits\8.1\Include\um\prsht.h
  Note: including file:     C:\Program Files (x86)\Windows Kits\8.1\Include\shared\pshpack4.h
  Note: including file:     C:\Program Files (x86)\Windows Kits\8.1\Include\shared\poppack.h
  Note: including file:   C:\Program Files (x86)\Windows Kits\8.1\Include\um\ole2.h
  Note: including file:    C:\Program Files (x86)\Windows Kits\8.1\Include\shared\pshpack8.h
  Note: including file:    C:\Program Files (x86)\Windows Kits\8.1\Include\um\objbase.h
  Note: including file:     C:\Program Files (x86)\Windows Kits\8.1\Include\shared\pshpack8.h
  Note: including file:     C:\Program Files (x86)\Windows Kits\8.1\Include\um\combaseapi.h
  Note: including file:      C:\Program Files (x86)\Windows Kits\8.1\Include\shared\pshpack8.h
  Note: including file:      C:\Program Files (x86)\Microsoft Visual Studio 12.0\VC\include\stdlib.h
  Note: including file:       C:\Program Files (x86)\Microsoft Visual Studio 12.0\VC\include\crtdefs.h
  Note: including file:       C:\Program Files (x86)\Microsoft Visual Studio 12.0\VC\include\limits.h
  Note: including file:        C:\Program Files (x86)\Microsoft Visual Studio 12.0\VC\include\crtdefs.h
  Note: including file:      C:\Program Files (x86)\Windows Kits\8.1\Include\um\unknwnbase.h
  Note: including file:      C:\Program Files (x86)\Windows Kits\8.1\Include\um\objidlbase.h
  Note: including file:      C:\Program Files (x86)\Windows Kits\8.1\Include\shared\guiddef.h
  Note: including file:      C:\Program Files (x86)\Windows Kits\8.1\Include\um\cguid.h
  Note: including file:      C:\Program Files (x86)\Windows Kits\8.1\Include\shared\poppack.h
  Note: including file:     C:\Program Files (x86)\Windows Kits\8.1\Include\um\objidl.h
  Note: including file:      c:\program files (x86)\windows kits\8.1\include\um\unknwn.h
  Note: including file:     C:\Program Files (x86)\Windows Kits\8.1\Include\um\urlmon.h
  Note: including file:      c:\program files (x86)\windows kits\8.1\include\um\oleidl.h
  Note: including file:      c:\program files (x86)\windows kits\8.1\include\um\servprov.h
  Note: including file:      c:\program files (x86)\windows kits\8.1\include\um\msxml.h
  Note: including file:       c:\program files (x86)\windows kits\8.1\include\um\oaidl.h
  Note: including file:     C:\Program Files (x86)\Windows Kits\8.1\Include\um\propidl.h
  Note: including file:     C:\Program Files (x86)\Windows Kits\8.1\Include\shared\poppack.h
  Note: including file:    C:\Program Files (x86)\Windows Kits\8.1\Include\um\oleauto.h
  Note: including file:     C:\Program Files (x86)\Windows Kits\8.1\Include\shared\pshpack8.h
  Note: including file:     C:\Program Files (x86)\Windows Kits\8.1\Include\shared\poppack.h
  Note: including file:    C:\Program Files (x86)\Windows Kits\8.1\Include\shared\poppack.h
  Note: including file:   C:\Program Files (x86)\Windows Kits\8.1\Include\um\commdlg.h
  Note: including file:    C:\Program Files (x86)\Windows Kits\8.1\Include\um\prsht.h
  Note: including file:    C:\Program Files (x86)\Windows Kits\8.1\Include\shared\pshpack1.h
  Note: including file:    C:\Program Files (x86)\Windows Kits\8.1\Include\shared\poppack.h
  Note: including file:   C:\Program Files (x86)\Windows Kits\8.1\Include\shared\stralign.h
  Note: including file:   C:\Program Files (x86)\Windows Kits\8.1\Include\um\winsvc.h
  Note: including file:   C:\Program Files (x86)\Windows Kits\8.1\Include\um\mcx.h
  Note: including file:   C:\Program Files (x86)\Windows Kits\8.1\Include\um\imm.h
  Note: including file:    C:\Program Files (x86)\Windows Kits\8.1\Include\um\ime_cmodes.h
  Note: including file:  C:\Program Files (x86)\Microsoft Visual Studio 12.0\VC\include\stdint.h
  Note: including file:   C:\Program Files (x86)\Microsoft Visual Studio 12.0\VC\include\crtdefs.h
  Note: including file:  C:\Program Files (x86)\Microsoft Visual Studio 12.0\VC\include\sys/types.h
  Note: including file:  C:\Program Files (x86)\Microsoft Visual Studio 12.0\VC\include\errno.h
  Note: including file:   C:\Program Files (x86)\Microsoft Visual Studio 12.0\VC\include\crtdefs.h
  Note: including file:  C:\Program Files (x86)\Microsoft Visual Studio 12.0\VC\include\time.h
  Note: including file:   C:\Program Files (x86)\Microsoft Visual Studio 12.0\VC\include\crtdefs.h
  Note: including file:   C:\Program Files (x86)\Microsoft Visual Studio 12.0\VC\include\wtime.inl
  Note: including file:   C:\Program Files (x86)\Microsoft Visual Studio 12.0\VC\include\time.inl
  Note: including file:  C:\Program Files (x86)\Microsoft Visual Studio 12.0\VC\include\direct.h
  Note: including file:   C:\Program Files (x86)\Microsoft Visual Studio 12.0\VC\include\crtdefs.h
  Note: including file:  C:\Program Files (x86)\Microsoft Visual Studio 12.0\VC\include\io.h
  Note: including file:   C:\Program Files (x86)\Microsoft Visual Studio 12.0\VC\include\crtdefs.h
  Note: including file:  C:\Program Files (x86)\Microsoft Visual Studio 12.0\VC\include\fcntl.h
  Note: including file:   C:\Program Files (x86)\Microsoft Visual Studio 12.0\VC\include\crtdefs.h
  Note: including file: C:\Program Files (x86)\Microsoft Visual Studio 12.0\VC\include\assert.h
  Note: including file:  C:\Program Files (x86)\Microsoft Visual Studio 12.0\VC\include\crtdefs.h
  Note: including file: C:\Program Files (x86)\Microsoft Visual Studio 12.0\VC\include\stddef.h
  Note: including file:  C:\Program Files (x86)\Microsoft Visual Studio 12.0\VC\include\crtdefs.h
  Note: including file: C:\Program Files (x86)\Microsoft Visual Studio 12.0\VC\include\stdio.h
  Note: including file:  C:\Program Files (x86)\Microsoft Visual Studio 12.0\VC\include\crtdefs.h
  Note: including file:  C:\Program Files (x86)\Microsoft Visual Studio 12.0\VC\include\swprintf.inl
  Note: including file: C:\Program Files (x86)\Microsoft Visual Studio 12.0\VC\include\string
  Note: including file:  C:\Program Files (x86)\Microsoft Visual Studio 12.0\VC\include\iterator
  Note: including file:   C:\Program Files (x86)\Microsoft Visual Studio 12.0\VC\include\istream
  Note: including file:    C:\Program Files (x86)\Microsoft Visual Studio 12.0\VC\include\ostream
  Note: including file:     C:\Program Files (x86)\Microsoft Visual Studio 12.0\VC\include\ios
  Note: including file:      C:\Program Files (x86)\Microsoft Visual Studio 12.0\VC\include\xlocnum
  Note: including file:       C:\Program Files (x86)\Microsoft Visual Studio 12.0\VC\include\climits
  Note: including file:        C:\Program Files (x86)\Microsoft Visual Studio 12.0\VC\include\yvals.h
  Note: including file:         C:\Program Files (x86)\Microsoft Visual Studio 12.0\VC\include\xkeycheck.h
  Note: including file:         C:\Program Files (x86)\Microsoft Visual Studio 12.0\VC\include\crtdefs.h
  Note: including file:         C:\Program Files (x86)\Microsoft Visual Studio 12.0\VC\include\use_ansi.h
  Note: including file:       C:\Program Files (x86)\Microsoft Visual Studio 12.0\VC\include\cmath
  Note: including file:        C:\Program Files (x86)\Microsoft Visual Studio 12.0\VC\include\math.h
  Note: including file:         C:\Program Files (x86)\Microsoft Visual Studio 12.0\VC\include\crtdefs.h
  Note: including file:        C:\Program Files (x86)\Microsoft Visual Studio 12.0\VC\include\xtgmath.h
  Note: including file:         C:\Program Files (x86)\Microsoft Visual Studio 12.0\VC\include\xtr1common
  Note: including file:       C:\Program Files (x86)\Microsoft Visual Studio 12.0\VC\include\cstdio
  Note: including file:       C:\Program Files (x86)\Microsoft Visual Studio 12.0\VC\include\cstdlib
  Note: including file:       C:\Program Files (x86)\Microsoft Visual Studio 12.0\VC\include\streambuf
  Note: including file:        C:\Program Files (x86)\Microsoft Visual Studio 12.0\VC\include\xiosbase
  Note: including file:         C:\Program Files (x86)\Microsoft Visual Studio 12.0\VC\include\xlocale
  Note: including file:          C:\Program Files (x86)\Microsoft Visual Studio 12.0\VC\include\cstring
  Note: including file:          C:\Program Files (x86)\Microsoft Visual Studio 12.0\VC\include\stdexcept
  Note: including file:           C:\Program Files (x86)\Microsoft Visual Studio 12.0\VC\include\exception
  Note: including file:            C:\Program Files (x86)\Microsoft Visual Studio 12.0\VC\include\xstddef
  Note: including file:             C:\Program Files (x86)\Microsoft Visual Studio 12.0\VC\include\cstddef
  Note: including file:             C:\Program Files (x86)\Microsoft Visual Studio 12.0\VC\include\initializer_list
  Note: including file:            C:\Program Files (x86)\Microsoft Visual Studio 12.0\VC\include\eh.h
  Note: including file:             C:\Program Files (x86)\Microsoft Visual Studio 12.0\VC\include\crtdefs.h
  Note: including file:            C:\Program Files (x86)\Microsoft Visual Studio 12.0\VC\include\malloc.h
  Note: including file:             C:\Program Files (x86)\Microsoft Visual Studio 12.0\VC\include\crtdefs.h
  Note: including file:           C:\Program Files (x86)\Microsoft Visual Studio 12.0\VC\include\xstring
  Note: including file:            C:\Program Files (x86)\Microsoft Visual Studio 12.0\VC\include\xmemory0
  Note: including file:             C:\Program Files (x86)\Microsoft Visual Studio 12.0\VC\include\limits
  Note: including file:              C:\Program Files (x86)\Microsoft Visual Studio 12.0\VC\include\ymath.h
  Note: including file:              C:\Program Files (x86)\Microsoft Visual Studio 12.0\VC\include\cfloat
  Note: including file:               C:\Program Files (x86)\Microsoft Visual Studio 12.0\VC\include\float.h
  Note: including file:                C:\Program Files (x86)\Microsoft Visual Studio 12.0\VC\include\crtdefs.h
  Note: including file:                C:\Program Files (x86)\Microsoft Visual Studio 12.0\VC\include\crtwrn.h
  Note: including file:                 C:\Program Files (x86)\Microsoft Visual Studio 12.0\VC\include\crtdefs.h
  Note: including file:              C:\Program Files (x86)\Microsoft Visual Studio 12.0\VC\include\cwchar
  Note: including file:               C:\Program Files (x86)\Microsoft Visual Studio 12.0\VC\include\wchar.h
  Note: including file:                C:\Program Files (x86)\Microsoft Visual Studio 12.0\VC\include\crtdefs.h
  Note: including file:             C:\Program Files (x86)\Microsoft Visual Studio 12.0\VC\include\new
  Note: including file:             C:\Program Files (x86)\Microsoft Visual Studio 12.0\VC\include\xutility
  Note: including file:              C:\Program Files (x86)\Microsoft Visual Studio 12.0\VC\include\utility
  Note: including file:               C:\Program Files (x86)\Microsoft Visual Studio 12.0\VC\include\iosfwd
  Note: including file:                C:\Program Files (x86)\Microsoft Visual Studio 12.0\VC\include\crtdbg.h
  Note: including file:                 C:\Program Files (x86)\Microsoft Visual Studio 12.0\VC\include\crtdefs.h
  Note: including file:               C:\Program Files (x86)\Microsoft Visual Studio 12.0\VC\include\type_traits
  Note: including file:                C:\Program Files (x86)\Microsoft Visual Studio 12.0\VC\include\xrefwrap
  Note: including file:             C:\Program Files (x86)\Microsoft Visual Studio 12.0\VC\include\xatomic0.h
  Note: including file:             C:\Program Files (x86)\Microsoft Visual Studio 12.0\VC\include\intrin.h
  Note: including file:              C:\Program Files (x86)\Microsoft Visual Studio 12.0\VC\include\crtdefs.h
  Note: including file:              C:\Program Files (x86)\Microsoft Visual Studio 12.0\VC\include\setjmp.h
  Note: including file:               C:\Program Files (x86)\Microsoft Visual Studio 12.0\VC\include\crtdefs.h
  Note: including file:               C:\Program Files (x86)\Microsoft Visual Studio 12.0\VC\include\setjmpex.h
  Note: including file:              C:\Program Files (x86)\Microsoft Visual Studio 12.0\VC\include\immintrin.h
  Note: including file:               C:\Program Files (x86)\Microsoft Visual Studio 12.0\VC\include\wmmintrin.h
  Note: including file:                C:\Program Files (x86)\Microsoft Visual Studio 12.0\VC\include\nmmintrin.h
  Note: including file:                 C:\Program Files (x86)\Microsoft Visual Studio 12.0\VC\include\smmintrin.h
  Note: including file:                  C:\Program Files (x86)\Microsoft Visual Studio 12.0\VC\include\tmmintrin.h
  Note: including file:                   C:\Program Files (x86)\Microsoft Visual Studio 12.0\VC\include\pmmintrin.h
  Note: including file:                    C:\Program Files (x86)\Microsoft Visual Studio 12.0\VC\include\emmintrin.h
  Note: including file:                     C:\Program Files (x86)\Microsoft Visual Studio 12.0\VC\include\xmmintrin.h
  Note: including file:                      C:\Program Files (x86)\Microsoft Visual Studio 12.0\VC\include\mmintrin.h
  Note: including file:                       C:\Program Files (x86)\Microsoft Visual Studio 12.0\VC\include\crtdefs.h
  Note: including file:              C:\Program Files (x86)\Microsoft Visual Studio 12.0\VC\include\ammintrin.h
  Note: including file:              C:\Program Files (x86)\Microsoft Visual Studio 12.0\VC\include\mm3dnow.h
  Note: including file:               C:\Program Files (x86)\Microsoft Visual Studio 12.0\VC\include\crtdefs.h
  Note: including file:          C:\Program Files (x86)\Microsoft Visual Studio 12.0\VC\include\typeinfo
  Note: including file:          C:\Program Files (x86)\Microsoft Visual Studio 12.0\VC\include\xlocinfo
  Note: including file:           C:\Program Files (x86)\Microsoft Visual Studio 12.0\VC\include\xlocinfo.h
  Note: including file:            C:\Program Files (x86)\Microsoft Visual Studio 12.0\VC\include\locale.h
  Note: including file:             C:\Program Files (x86)\Microsoft Visual Studio 12.0\VC\include\crtdefs.h
  Note: including file:          C:\Program Files (x86)\Microsoft Visual Studio 12.0\VC\include\xdebug
  Note: including file:          C:\Program Files (x86)\Microsoft Visual Studio 12.0\VC\include\xfacet
  Note: including file:         C:\Program Files (x86)\Microsoft Visual Studio 12.0\VC\include\system_error
  Note: including file:          C:\Program Files (x86)\Microsoft Visual Studio 12.0\VC\include\cerrno
  Note: including file:         C:\Program Files (x86)\Microsoft Visual Studio 12.0\VC\include\share.h
  Note: including file: C:\Program Files (x86)\Microsoft Visual Studio 12.0\VC\include\vector
  Note: including file:  C:\Program Files (x86)\Microsoft Visual Studio 12.0\VC\include\xmemory
  Note: including file: C:\Program Files (x86)\Microsoft Visual Studio 12.0\VC\include\map
  Note: including file:  C:\Program Files (x86)\Microsoft Visual Studio 12.0\VC\include\xtree
  Note: including file:  C:\Program Files (x86)\Microsoft Visual Studio 12.0\VC\include\tuple
  Note: including file: C:\Program Files (x86)\Microsoft Visual Studio 12.0\VC\include\sys/stat.h
  Note: including file:  C:\Program Files (x86)\Microsoft Visual Studio 12.0\VC\include\crtdefs.h
  Note: including file:  C:\Program Files (x86)\Microsoft Visual Studio 12.0\VC\include\sys/stat.inl
..\src\srs\srs_librtmp.cpp(16701): error C3861: 'snprintf': identifier not found
..\src\srs\srs_librtmp.cpp(16709): error C3861: 'snprintf': identifier not found
..\src\srs\srs_librtmp.cpp(17569): warning C4309: '=' : truncation of constant value
..\src\srs\srs_librtmp.cpp(17570): warning C4309: '=' : truncation of constant value
..\src\srs\srs_librtmp.cpp(17571): warning C4309: '=' : truncation of constant value
  Note: including file: C:\Program Files (x86)\Microsoft Visual Studio 12.0\VC\include\sstream
..\src\srs\srs_librtmp.cpp(17992): warning C4244: 'argument' : conversion from 'int64_t' to 'uint32_t', possible loss of data
..\src\srs\srs_librtmp.cpp(17996): warning C4244: 'argument' : conversion from 'int64_t' to 'uint32_t', possible loss of data
..\src\srs\srs_librtmp.cpp(24249): warning C4244: '-=' : conversion from 'uint64_t' to 'int', possible loss of data
..\src\srs\srs_librtmp.cpp(24608): warning C4018: '<' : signed/unsigned mismatch
..\src\srs\srs_librtmp.cpp(24622): warning C4018: '<' : signed/unsigned mismatch
..\src\srs\srs_librtmp.cpp(24643): warning C4018: '<' : signed/unsigned mismatch
..\src\srs\srs_librtmp.cpp(24660): warning C4018: '<' : signed/unsigned mismatch
..\src\srs\srs_librtmp.cpp(25147): warning C4018: '<' : signed/unsigned mismatch
..\src\srs\srs_librtmp.cpp(27603): warning C4018: '<' : signed/unsigned mismatch
..\src\srs\srs_librtmp.cpp(27611): warning C4018: '<' : signed/unsigned mismatch
..\src\srs\srs_librtmp.cpp(27619): warning C4018: '<' : signed/unsigned mismatch
..\src\srs\srs_librtmp.cpp(31130): warning C4244: '=' : conversion from 'int64_t' to 'uint32_t', possible loss of data
..\src\srs\srs_librtmp.cpp(38427): warning C4244: '-=' : conversion from 'ssize_t' to 'int', possible loss of data
  Note: including file: C:\Program Files (x86)\Microsoft Visual Studio 12.0\VC\include\assert.h
  Note: including file:  C:\Program Files (x86)\Microsoft Visual Studio 12.0\VC\include\crtdefs.h
..\src\srs\srs_librtmp.cpp(43958): error C3861: 'snprintf': identifier not found
..\src\srs\srs_librtmp.cpp(43990): warning C4244: 'argument' : conversion from 'int64_t' to 'double', possible loss of data
  Note: including file: C:\Program Files (x86)\Microsoft Visual Studio 12.0\VC\include\assert.h
  Note: including file:  C:\Program Files (x86)\Microsoft Visual Studio 12.0\VC\include\crtdefs.h
..\src\srs\srs_librtmp.cpp(46769): error C3861: 'snprintf': identifier not found
..\src\srs\srs_librtmp.cpp(46870): warning C4996: 'strcpy': This function or variable may be unsafe. Consider using strcpy_s instead. To disable deprecation, use _CRT_SECURE_NO_WARNINGS. See online help for details.
          C:\Program Files (x86)\Microsoft Visual Studio 12.0\VC\include\string.h(112) : see declaration of 'strcpy'
..\src\srs\srs_librtmp.cpp(48961): error C3861: 'snprintf': identifier not found
..\src\srs\srs_librtmp.cpp(48967): error C3861: 'snprintf': identifier not found
..\src\srs\srs_librtmp.cpp(48973): error C3861: 'snprintf': identifier not found
..\src\srs\srs_librtmp.cpp(48980): error C3861: 'snprintf': identifier not found
..\src\srs\srs_librtmp.cpp(48989): error C3861: 'snprintf': identifier not found
..\src\srs\srs_librtmp.cpp(49002): error C3861: 'snprintf': identifier not found
..\src\srs\srs_librtmp.cpp(49007): error C3861: 'snprintf': identifier not found
..\src\srs\srs_librtmp.cpp(49049): error C3861: 'snprintf': identifier not found
..\src\srs\srs_librtmp.cpp(49055): error C3861: 'snprintf': identifier not found
..\src\srs\srs_librtmp.cpp(49061): error C3861: 'snprintf': identifier not found
..\src\srs\srs_librtmp.cpp(49068): error C3861: 'snprintf': identifier not found
..\src\srs\srs_librtmp.cpp(49077): error C3861: 'snprintf': identifier not found
..\src\srs\srs_librtmp.cpp(49090): error C3861: 'snprintf': identifier not found
..\src\srs\srs_librtmp.cpp(49095): error C3861: 'snprintf': identifier not found
..\src\srs\srs_librtmp.cpp(49120): error C3861: 'snprintf': identifier not found
..\src\srs\srs_librtmp.cpp(49197): error C3861: 'snprintf': identifier not found
..\src\srs\srs_librtmp.cpp(49198): error C3861: 'snprintf': identifier not found
..\src\srs\srs_librtmp.cpp(49199): error C3861: 'snprintf': identifier not found
..\src\srs\srs_librtmp.cpp(49630): warning C4800: 'int' : forcing value to bool 'true' or 'false' (performance warning)
  main.cpp
  Note: including file: c:\program files (x86)\reference assemblies\microsoft\framework\.netframework\v4.0\mscorlib.dll
  Note: including file: C:\Program Files (x86)\Windows Kits\8.1\Include\um\windows.h
  Note: including file:  C:\Program Files (x86)\Windows Kits\8.1\Include\shared\winapifamily.h
  Note: including file:  C:\Program Files (x86)\Windows Kits\8.1\Include\shared\sdkddkver.h
  Note: including file:  C:\Program Files (x86)\Microsoft Visual Studio 12.0\VC\include\excpt.h
  Note: including file:   C:\Program Files (x86)\Microsoft Visual Studio 12.0\VC\include\crtdefs.h
  Note: including file:    C:\Program Files (x86)\Microsoft Visual Studio 12.0\VC\include\sal.h
  Note: including file:     C:\Program Files (x86)\Microsoft Visual Studio 12.0\VC\include\ConcurrencySal.h
  Note: including file:    C:\Program Files (x86)\Microsoft Visual Studio 12.0\VC\include\vadefs.h
  Note: including file:  C:\Program Files (x86)\Microsoft Visual Studio 12.0\VC\include\stdarg.h
  Note: including file:   C:\Program Files (x86)\Microsoft Visual Studio 12.0\VC\include\crtdefs.h
  Note: including file:  C:\Program Files (x86)\Windows Kits\8.1\Include\shared\windef.h
  Note: including file:   C:\Program Files (x86)\Windows Kits\8.1\Include\shared\minwindef.h
  Note: including file:    C:\Program Files (x86)\Windows Kits\8.1\Include\shared\specstrings.h
  Note: including file:     C:\Program Files (x86)\Windows Kits\8.1\Include\shared\specstrings_strict.h
  Note: including file:      C:\Program Files (x86)\Windows Kits\8.1\Include\shared\specstrings_undef.h
  Note: including file:     C:\Program Files (x86)\Windows Kits\8.1\Include\shared\driverspecs.h
  Note: including file:      c:\program files (x86)\windows kits\8.1\include\shared\sdv_driverspecs.h
  Note: including file:    C:\Program Files (x86)\Windows Kits\8.1\Include\um\winnt.h
  Note: including file:     C:\Program Files (x86)\Microsoft Visual Studio 12.0\VC\include\ctype.h
  Note: including file:      C:\Program Files (x86)\Microsoft Visual Studio 12.0\VC\include\crtdefs.h
  Note: including file:     C:\Program Files (x86)\Windows Kits\8.1\Include\shared\kernelspecs.h
  Note: including file:     C:\Program Files (x86)\Windows Kits\8.1\Include\shared\basetsd.h
  Note: including file:     C:\Program Files (x86)\Windows Kits\8.1\Include\shared\guiddef.h
  Note: including file:      C:\Program Files (x86)\Microsoft Visual Studio 12.0\VC\include\string.h
  Note: including file:       C:\Program Files (x86)\Microsoft Visual Studio 12.0\VC\include\crtdefs.h
  Note: including file:     c:\program files (x86)\windows kits\8.1\include\shared\pshpack4.h
  Note: including file:     c:\program files (x86)\windows kits\8.1\include\shared\poppack.h
  Note: including file:     c:\program files (x86)\windows kits\8.1\include\shared\pshpack4.h
  Note: including file:     c:\program files (x86)\windows kits\8.1\include\shared\poppack.h
  Note: including file:     C:\Program Files (x86)\Windows Kits\8.1\Include\shared\pshpack4.h
  Note: including file:     C:\Program Files (x86)\Windows Kits\8.1\Include\shared\poppack.h
  Note: including file:     c:\program files (x86)\windows kits\8.1\include\shared\pshpack4.h
  Note: including file:     c:\program files (x86)\windows kits\8.1\include\shared\pshpack2.h
  Note: including file:     c:\program files (x86)\windows kits\8.1\include\shared\poppack.h
  Note: including file:     c:\program files (x86)\windows kits\8.1\include\shared\pshpack2.h
  Note: including file:     C:\Program Files (x86)\Windows Kits\8.1\Include\shared\pshpack2.h
  Note: including file:     C:\Program Files (x86)\Windows Kits\8.1\Include\shared\poppack.h
  Note: including file:     c:\program files (x86)\windows kits\8.1\include\shared\poppack.h
  Note: including file:     c:\program files (x86)\windows kits\8.1\include\shared\pshpack8.h
  Note: including file:     c:\program files (x86)\windows kits\8.1\include\shared\poppack.h
  Note: including file:     c:\program files (x86)\windows kits\8.1\include\shared\poppack.h
  Note: including file:     C:\Program Files (x86)\Windows Kits\8.1\Include\shared\apiset.h
  Note: including file:     C:\Program Files (x86)\Windows Kits\8.1\Include\shared\ktmtypes.h
  Note: including file:  C:\Program Files (x86)\Windows Kits\8.1\Include\um\winbase.h
  Note: including file:   C:\Program Files (x86)\Windows Kits\8.1\Include\shared\apisetcconv.h
  Note: including file:   C:\Program Files (x86)\Windows Kits\8.1\Include\um\minwinbase.h
  Note: including file:   C:\Program Files (x86)\Windows Kits\8.1\Include\um\processenv.h
  Note: including file:   C:\Program Files (x86)\Windows Kits\8.1\Include\um\fileapi.h
  Note: including file:   C:\Program Files (x86)\Windows Kits\8.1\Include\um\debugapi.h
  Note: including file:   C:\Program Files (x86)\Windows Kits\8.1\Include\um\utilapiset.h
  Note: including file:   C:\Program Files (x86)\Windows Kits\8.1\Include\um\handleapi.h
  Note: including file:   C:\Program Files (x86)\Windows Kits\8.1\Include\um\errhandlingapi.h
  Note: including file:   C:\Program Files (x86)\Windows Kits\8.1\Include\um\fibersapi.h
  Note: including file:   C:\Program Files (x86)\Windows Kits\8.1\Include\um\namedpipeapi.h
  Note: including file:   C:\Program Files (x86)\Windows Kits\8.1\Include\um\profileapi.h
  Note: including file:   C:\Program Files (x86)\Windows Kits\8.1\Include\um\heapapi.h
  Note: including file:   C:\Program Files (x86)\Windows Kits\8.1\Include\um\ioapiset.h
  Note: including file:   C:\Program Files (x86)\Windows Kits\8.1\Include\um\synchapi.h
  Note: including file:   C:\Program Files (x86)\Windows Kits\8.1\Include\um\interlockedapi.h
  Note: including file:   C:\Program Files (x86)\Windows Kits\8.1\Include\um\processthreadsapi.h
  Note: including file:   C:\Program Files (x86)\Windows Kits\8.1\Include\um\sysinfoapi.h
  Note: including file:   C:\Program Files (x86)\Windows Kits\8.1\Include\um\memoryapi.h
  Note: including file:   C:\Program Files (x86)\Windows Kits\8.1\Include\um\threadpoollegacyapiset.h
  Note: including file:   C:\Program Files (x86)\Windows Kits\8.1\Include\um\threadpoolapiset.h
  Note: including file:   C:\Program Files (x86)\Windows Kits\8.1\Include\um\bemapiset.h
  Note: including file:   C:\Program Files (x86)\Windows Kits\8.1\Include\um\jobapi.h
  Note: including file:   C:\Program Files (x86)\Windows Kits\8.1\Include\um\wow64apiset.h
  Note: including file:   C:\Program Files (x86)\Windows Kits\8.1\Include\um\libloaderapi.h
  Note: including file:   C:\Program Files (x86)\Windows Kits\8.1\Include\um\securitybaseapi.h
  Note: including file:   C:\Program Files (x86)\Windows Kits\8.1\Include\um\namespaceapi.h
  Note: including file:   C:\Program Files (x86)\Windows Kits\8.1\Include\um\systemtopologyapi.h
  Note: including file:   C:\Program Files (x86)\Windows Kits\8.1\Include\um\processtopologyapi.h
  Note: including file:   C:\Program Files (x86)\Windows Kits\8.1\Include\um\securityappcontainer.h
  Note: including file:   C:\Program Files (x86)\Windows Kits\8.1\Include\um\realtimeapiset.h
  Note: including file:   C:\Program Files (x86)\Windows Kits\8.1\Include\shared\winerror.h
  Note: including file:   C:\Program Files (x86)\Windows Kits\8.1\Include\um\timezoneapi.h
  Note: including file:  C:\Program Files (x86)\Windows Kits\8.1\Include\um\wingdi.h
  Note: including file:   C:\Program Files (x86)\Windows Kits\8.1\Include\shared\pshpack1.h
  Note: including file:   C:\Program Files (x86)\Windows Kits\8.1\Include\shared\poppack.h
  Note: including file:   C:\Program Files (x86)\Windows Kits\8.1\Include\shared\pshpack2.h
  Note: including file:   C:\Program Files (x86)\Windows Kits\8.1\Include\shared\poppack.h
  Note: including file:   C:\Program Files (x86)\Windows Kits\8.1\Include\shared\pshpack2.h
  Note: including file:   C:\Program Files (x86)\Windows Kits\8.1\Include\shared\poppack.h
  Note: including file:   C:\Program Files (x86)\Windows Kits\8.1\Include\shared\pshpack4.h
  Note: including file:   C:\Program Files (x86)\Windows Kits\8.1\Include\shared\poppack.h
  Note: including file:   C:\Program Files (x86)\Windows Kits\8.1\Include\shared\pshpack4.h
  Note: including file:   C:\Program Files (x86)\Windows Kits\8.1\Include\shared\poppack.h
  Note: including file:  C:\Program Files (x86)\Windows Kits\8.1\Include\um\winuser.h
  Note: including file:   C:\Program Files (x86)\Windows Kits\8.1\Include\shared\pshpack2.h
  Note: including file:   C:\Program Files (x86)\Windows Kits\8.1\Include\shared\poppack.h
  Note: including file:   C:\Program Files (x86)\Windows Kits\8.1\Include\shared\tvout.h
  Note: including file:  C:\Program Files (x86)\Windows Kits\8.1\Include\um\winnls.h
  Note: including file:   C:\Program Files (x86)\Windows Kits\8.1\Include\um\datetimeapi.h
  Note: including file:   C:\Program Files (x86)\Windows Kits\8.1\Include\um\stringapiset.h
  Note: including file:    C:\Program Files (x86)\Windows Kits\8.1\Include\um\winnls.h
  Note: including file:  C:\Program Files (x86)\Windows Kits\8.1\Include\um\wincon.h
  Note: including file:   C:\Program Files (x86)\Windows Kits\8.1\Include\um\consoleapi.h
  Note: including file:  C:\Program Files (x86)\Windows Kits\8.1\Include\um\winver.h
  Note: including file:   C:\Program Files (x86)\Windows Kits\8.1\Include\um\verrsrc.h
  Note: including file:  C:\Program Files (x86)\Windows Kits\8.1\Include\um\winreg.h
  Note: including file:   C:\Program Files (x86)\Windows Kits\8.1\Include\um\reason.h
  Note: including file:  C:\Program Files (x86)\Windows Kits\8.1\Include\um\winnetwk.h
  Note: including file:   C:\Program Files (x86)\Windows Kits\8.1\Include\shared\wnnc.h
  Note: including file:  C:\Program Files (x86)\Windows Kits\8.1\Include\shared\cderr.h
  Note: including file:  C:\Program Files (x86)\Windows Kits\8.1\Include\um\dde.h
  Note: including file:  C:\Program Files (x86)\Windows Kits\8.1\Include\um\ddeml.h
  Note: including file:  C:\Program Files (x86)\Windows Kits\8.1\Include\um\dlgs.h
  Note: including file:  C:\Program Files (x86)\Windows Kits\8.1\Include\um\lzexpand.h
  Note: including file:  C:\Program Files (x86)\Windows Kits\8.1\Include\um\mmsystem.h
  Note: including file:   C:\Program Files (x86)\Windows Kits\8.1\Include\um\mmsyscom.h
  Note: including file:    C:\Program Files (x86)\Windows Kits\8.1\Include\shared\pshpack1.h
  Note: including file:    C:\Program Files (x86)\Windows Kits\8.1\Include\shared\poppack.h
  Note: including file:   C:\Program Files (x86)\Windows Kits\8.1\Include\shared\pshpack1.h
  Note: including file:   C:\Program Files (x86)\Windows Kits\8.1\Include\um\mciapi.h
  Note: including file:    C:\Program Files (x86)\Windows Kits\8.1\Include\um\mmsyscom.h
  Note: including file:   C:\Program Files (x86)\Windows Kits\8.1\Include\um\mmiscapi.h
  Note: including file:    C:\Program Files (x86)\Windows Kits\8.1\Include\um\mmsyscom.h
  Note: including file:   C:\Program Files (x86)\Windows Kits\8.1\Include\um\mmiscapi2.h
  Note: including file:    C:\Program Files (x86)\Windows Kits\8.1\Include\um\mmsyscom.h
  Note: including file:   C:\Program Files (x86)\Windows Kits\8.1\Include\um\playsoundapi.h
  Note: including file:    C:\Program Files (x86)\Windows Kits\8.1\Include\um\mmsyscom.h
  Note: including file:   C:\Program Files (x86)\Windows Kits\8.1\Include\um\mmeapi.h
  Note: including file:    C:\Program Files (x86)\Windows Kits\8.1\Include\um\mmsyscom.h
  Note: including file:   C:\Program Files (x86)\Windows Kits\8.1\Include\um\timeapi.h
  Note: including file:    C:\Program Files (x86)\Windows Kits\8.1\Include\um\mmsyscom.h
  Note: including file:   C:\Program Files (x86)\Windows Kits\8.1\Include\um\joystickapi.h
  Note: including file:    C:\Program Files (x86)\Windows Kits\8.1\Include\um\mmsyscom.h
  Note: including file:   C:\Program Files (x86)\Windows Kits\8.1\Include\shared\poppack.h
  Note: including file:  C:\Program Files (x86)\Windows Kits\8.1\Include\um\nb30.h
  Note: including file:  C:\Program Files (x86)\Windows Kits\8.1\Include\shared\rpc.h
  Note: including file:   C:\Program Files (x86)\Windows Kits\8.1\Include\shared\rpcdce.h
  Note: including file:    C:\Program Files (x86)\Windows Kits\8.1\Include\shared\rpcdcep.h
  Note: including file:   C:\Program Files (x86)\Windows Kits\8.1\Include\um\rpcnsi.h
  Note: including file:   C:\Program Files (x86)\Windows Kits\8.1\Include\shared\rpcnterr.h
  Note: including file:   C:\Program Files (x86)\Windows Kits\8.1\Include\shared\rpcasync.h
  Note: including file:  C:\Program Files (x86)\Windows Kits\8.1\Include\um\shellapi.h
  Note: including file:   C:\Program Files (x86)\Windows Kits\8.1\Include\shared\pshpack1.h
  Note: including file:   C:\Program Files (x86)\Windows Kits\8.1\Include\shared\poppack.h
  Note: including file:  C:\Program Files (x86)\Windows Kits\8.1\Include\um\winperf.h
  Note: including file:   C:\Program Files (x86)\Windows Kits\8.1\Include\shared\pshpack8.h
  Note: including file:   C:\Program Files (x86)\Windows Kits\8.1\Include\shared\poppack.h
  Note: including file:  C:\Program Files (x86)\Windows Kits\8.1\Include\um\winsock.h
  Note: including file:   C:\Program Files (x86)\Windows Kits\8.1\Include\shared\inaddr.h
  Note: including file:  C:\Program Files (x86)\Windows Kits\8.1\Include\um\wincrypt.h
  Note: including file:   C:\Program Files (x86)\Windows Kits\8.1\Include\shared\bcrypt.h
  Note: including file:   C:\Program Files (x86)\Windows Kits\8.1\Include\um\ncrypt.h
  Note: including file:   C:\Program Files (x86)\Windows Kits\8.1\Include\um\dpapi.h
  Note: including file:  C:\Program Files (x86)\Windows Kits\8.1\Include\um\winefs.h
  Note: including file:  C:\Program Files (x86)\Windows Kits\8.1\Include\um\winscard.h
  Note: including file:   C:\Program Files (x86)\Windows Kits\8.1\Include\shared\wtypes.h
  Note: including file:    c:\program files (x86)\windows kits\8.1\include\shared\rpcndr.h
  Note: including file:     C:\Program Files (x86)\Windows Kits\8.1\Include\shared\pshpack8.h
  Note: including file:     C:\Program Files (x86)\Windows Kits\8.1\Include\um\rpcnsip.h
  Note: including file:     C:\Program Files (x86)\Windows Kits\8.1\Include\shared\rpcsal.h
  Note: including file:     C:\Program Files (x86)\Windows Kits\8.1\Include\shared\poppack.h
  Note: including file:    c:\program files (x86)\windows kits\8.1\include\shared\wtypesbase.h
  Note: including file:     c:\program files (x86)\windows kits\8.1\include\shared\guiddef.h
  Note: including file:   C:\Program Files (x86)\Windows Kits\8.1\Include\um\winioctl.h
  Note: including file:    C:\Program Files (x86)\Windows Kits\8.1\Include\shared\pshpack1.h
  Note: including file:    C:\Program Files (x86)\Windows Kits\8.1\Include\shared\poppack.h
  Note: including file:    C:\Program Files (x86)\Windows Kits\8.1\Include\shared\pshpack1.h
  Note: including file:    C:\Program Files (x86)\Windows Kits\8.1\Include\shared\poppack.h
  Note: including file:    C:\Program Files (x86)\Windows Kits\8.1\Include\shared\pshpack1.h
  Note: including file:    C:\Program Files (x86)\Windows Kits\8.1\Include\shared\poppack.h
  Note: including file:    C:\Program Files (x86)\Windows Kits\8.1\Include\shared\pshpack1.h
  Note: including file:    C:\Program Files (x86)\Windows Kits\8.1\Include\shared\poppack.h
  Note: including file:    C:\Program Files (x86)\Windows Kits\8.1\Include\shared\pshpack1.h
  Note: including file:    C:\Program Files (x86)\Windows Kits\8.1\Include\shared\poppack.h
  Note: including file:    C:\Program Files (x86)\Windows Kits\8.1\Include\shared\pshpack1.h
  Note: including file:    C:\Program Files (x86)\Windows Kits\8.1\Include\shared\poppack.h
  Note: including file:    C:\Program Files (x86)\Windows Kits\8.1\Include\shared\pshpack1.h
  Note: including file:    C:\Program Files (x86)\Windows Kits\8.1\Include\shared\poppack.h
  Note: including file:   C:\Program Files (x86)\Windows Kits\8.1\Include\shared\winsmcrd.h
  Note: including file:  C:\Program Files (x86)\Windows Kits\8.1\Include\um\winspool.h
  Note: including file:   C:\Program Files (x86)\Windows Kits\8.1\Include\um\prsht.h
  Note: including file:    C:\Program Files (x86)\Windows Kits\8.1\Include\shared\pshpack4.h
  Note: including file:    C:\Program Files (x86)\Windows Kits\8.1\Include\shared\poppack.h
  Note: including file:  C:\Program Files (x86)\Windows Kits\8.1\Include\um\ole2.h
  Note: including file:   C:\Program Files (x86)\Windows Kits\8.1\Include\shared\pshpack8.h
  Note: including file:   C:\Program Files (x86)\Windows Kits\8.1\Include\um\objbase.h
  Note: including file:    C:\Program Files (x86)\Windows Kits\8.1\Include\shared\pshpack8.h
  Note: including file:    C:\Program Files (x86)\Windows Kits\8.1\Include\um\combaseapi.h
  Note: including file:     C:\Program Files (x86)\Windows Kits\8.1\Include\shared\pshpack8.h
  Note: including file:     C:\Program Files (x86)\Microsoft Visual Studio 12.0\VC\include\stdlib.h
  Note: including file:      C:\Program Files (x86)\Microsoft Visual Studio 12.0\VC\include\crtdefs.h
  Note: including file:      C:\Program Files (x86)\Microsoft Visual Studio 12.0\VC\include\limits.h
  Note: including file:       C:\Program Files (x86)\Microsoft Visual Studio 12.0\VC\include\crtdefs.h
  Note: including file:     C:\Program Files (x86)\Windows Kits\8.1\Include\um\unknwnbase.h
  Note: including file:     C:\Program Files (x86)\Windows Kits\8.1\Include\um\objidlbase.h
  Note: including file:     C:\Program Files (x86)\Windows Kits\8.1\Include\shared\guiddef.h
  Note: including file:     C:\Program Files (x86)\Windows Kits\8.1\Include\um\cguid.h
  Note: including file:     C:\Program Files (x86)\Windows Kits\8.1\Include\shared\poppack.h
  Note: including file:    C:\Program Files (x86)\Windows Kits\8.1\Include\um\objidl.h
  Note: including file:     c:\program files (x86)\windows kits\8.1\include\um\unknwn.h
  Note: including file:    C:\Program Files (x86)\Windows Kits\8.1\Include\um\urlmon.h
  Note: including file:     c:\program files (x86)\windows kits\8.1\include\um\oleidl.h
  Note: including file:     c:\program files (x86)\windows kits\8.1\include\um\servprov.h
  Note: including file:     c:\program files (x86)\windows kits\8.1\include\um\msxml.h
  Note: including file:      c:\program files (x86)\windows kits\8.1\include\um\oaidl.h
  Note: including file:    C:\Program Files (x86)\Windows Kits\8.1\Include\um\propidl.h
  Note: including file:    C:\Program Files (x86)\Windows Kits\8.1\Include\shared\poppack.h
  Note: including file:   C:\Program Files (x86)\Windows Kits\8.1\Include\um\oleauto.h
  Note: including file:    C:\Program Files (x86)\Windows Kits\8.1\Include\shared\pshpack8.h
  Note: including file:    C:\Program Files (x86)\Windows Kits\8.1\Include\shared\poppack.h
  Note: including file:   C:\Program Files (x86)\Windows Kits\8.1\Include\shared\poppack.h
  Note: including file:  C:\Program Files (x86)\Windows Kits\8.1\Include\um\commdlg.h
  Note: including file:   C:\Program Files (x86)\Windows Kits\8.1\Include\um\prsht.h
  Note: including file:   C:\Program Files (x86)\Windows Kits\8.1\Include\shared\pshpack1.h
  Note: including file:   C:\Program Files (x86)\Windows Kits\8.1\Include\shared\poppack.h
  Note: including file:  C:\Program Files (x86)\Windows Kits\8.1\Include\shared\stralign.h
  Note: including file:  C:\Program Files (x86)\Windows Kits\8.1\Include\um\winsvc.h
  Note: including file:  C:\Program Files (x86)\Windows Kits\8.1\Include\um\mcx.h
  Note: including file:  C:\Program Files (x86)\Windows Kits\8.1\Include\um\imm.h
  Note: including file:   C:\Program Files (x86)\Windows Kits\8.1\Include\um\ime_cmodes.h
  Note: including file: C:\Program Files (x86)\Microsoft Visual Studio 12.0\VC\include\stdio.h
  Note: including file:  C:\Program Files (x86)\Microsoft Visual Studio 12.0\VC\include\crtdefs.h
  Note: including file:  C:\Program Files (x86)\Microsoft Visual Studio 12.0\VC\include\swprintf.inl
  Note: including file: c:\work\srs-librtmp\src\..\src\srs\srs_librtmp.h
  Note: including file:  C:\Program Files (x86)\Microsoft Visual Studio 12.0\VC\include\stdint.h
  Note: including file:   C:\Program Files (x86)\Microsoft Visual Studio 12.0\VC\include\crtdefs.h
  Note: including file:  C:\Program Files (x86)\Microsoft Visual Studio 12.0\VC\include\sys/types.h
  Note: including file:  C:\Program Files (x86)\Microsoft Visual Studio 12.0\VC\include\errno.h
  Note: including file:   C:\Program Files (x86)\Microsoft Visual Studio 12.0\VC\include\crtdefs.h
  Note: including file:  C:\Program Files (x86)\Microsoft Visual Studio 12.0\VC\include\time.h
  Note: including file:   C:\Program Files (x86)\Microsoft Visual Studio 12.0\VC\include\crtdefs.h
  Note: including file:   C:\Program Files (x86)\Microsoft Visual Studio 12.0\VC\include\wtime.inl
  Note: including file:   C:\Program Files (x86)\Microsoft Visual Studio 12.0\VC\include\time.inl
  Note: including file:  C:\Program Files (x86)\Microsoft Visual Studio 12.0\VC\include\direct.h
  Note: including file:   C:\Program Files (x86)\Microsoft Visual Studio 12.0\VC\include\crtdefs.h
  Note: including file:  C:\Program Files (x86)\Microsoft Visual Studio 12.0\VC\include\io.h
  Note: including file:   C:\Program Files (x86)\Microsoft Visual Studio 12.0\VC\include\crtdefs.h
  Note: including file:  C:\Program Files (x86)\Microsoft Visual Studio 12.0\VC\include\fcntl.h
  Note: including file:   C:\Program Files (x86)\Microsoft Visual Studio 12.0\VC\include\crtdefs.h
  Generating Code...
